-------------------------------------------------------------------------------
Test set: petclinicmodel.PetclicnicApplicationTests
-------------------------------------------------------------------------------
Tests run: 1, Failures: 0, Errors: 1, Skipped: 0, Time elapsed: 4.116 s <<< FAILURE! - in petclinicmodel.PetclicnicApplicationTests
initializationError(petclinicmodel.PetclicnicApplicationTests)  Time elapsed: 0.005 s  <<< ERROR!
java.lang.IllegalStateException: Unable to find a @SpringBootConfiguration, you need to use @ContextConfiguration or @SpringBootTest(classes=...) with your test

